Using pre-set license
Built from '2020.3/staging' branch; Version is '2020.3.48f1 (b805b124c6b7) revision 12060081'; Using compiler version '192528614'; Build Type 'Release'
OS: 'Windows 10  (10.0.19045) 64bit ProfessionalWorkstation' Language: 'en' Physical Memory: 32637 MB
BatchMode: 1, IsHumanControllingUs: 0, StartBugReporterOnCrash: 0, Is64bit: 1, IsPro: 0

COMMAND LINE ARGUMENTS:
C:\Program Files\Unity\Hub\Editor\2020.3.48f1\Editor\Unity.exe
-adb2
-batchMode
-noUpm
-name
AssetImportWorker0
-projectPath
C:/final projects backup unityads/backup2 train/Real Extreme Train Simulator
-logFile
Logs/AssetImportWorker0.log
-srvPort
59490
Successfully changed project path to: C:/final projects backup unityads/backup2 train/Real Extreme Train Simulator
C:/final projects backup unityads/backup2 train/Real Extreme Train Simulator
Using Asset Import Pipeline V2.
Player connection [5460] Host "[IP] 192.168.99.174 [Port] 805523936 [Flags] 2 [Guid] 1393995234 [EditorId] 1393995234 [Version] 1048832 [Id] WindowsEditor(7,PCGGG005) [Debug] 1 [PackageName] WindowsEditor [ProjectName] Editor" joined multi-casting on [225.0.0.222:54997]...

Player connection [5460] Host "[IP] 192.168.99.174 [Port] 805523936 [Flags] 2 [Guid] 1393995234 [EditorId] 1393995234 [Version] 1048832 [Id] WindowsEditor(7,PCGGG005) [Debug] 1 [PackageName] WindowsEditor [ProjectName] Editor" joined alternative multi-casting on [225.0.0.222:34997]...

Refreshing native plugins compatible for Editor in 72.02 ms, found 2 plugins.
Preloading 0 native plugins for Editor in 0.00 ms.
Initialize engine version: 2020.3.48f1 (b805b124c6b7)
[Subsystems] Discovering subsystems at path C:/Program Files/Unity/Hub/Editor/2020.3.48f1/Editor/Data/Resources/UnitySubsystems
[Subsystems] Discovering subsystems at path C:/final projects backup unityads/backup2 train/Real Extreme Train Simulator/Assets
GfxDevice: creating device client; threaded=0
Direct3D:
    Version:  Direct3D 11.0 [level 11.1]
    Renderer: NVIDIA Quadro P1000 (ID=0x1cb1)
    Vendor:   
    VRAM:     4019 MB
    Driver:   26.21.14.4128
Initialize mono
Mono path[0] = 'C:/Program Files/Unity/Hub/Editor/2020.3.48f1/Editor/Data/Managed'
Mono path[1] = 'C:/Program Files/Unity/Hub/Editor/2020.3.48f1/Editor/Data/MonoBleedingEdge/lib/mono/unityjit'
Mono config path = 'C:/Program Files/Unity/Hub/Editor/2020.3.48f1/Editor/Data/MonoBleedingEdge/etc'
Using monoOptions --debugger-agent=transport=dt_socket,embedding=1,server=y,suspend=n,address=127.0.0.1:56704
Begin MonoManager ReloadAssembly
Registering precompiled unity dll's ...
Register platform support module: C:/Program Files/Unity/Hub/Editor/2020.3.48f1/Editor/Data/PlaybackEngines/WindowsStandaloneSupport/UnityEditor.WindowsStandalone.Extensions.dll
Registered in 0.001677 seconds.
Native extension for WindowsStandalone target not found
Refreshing native plugins compatible for Editor in 47.65 ms, found 2 plugins.
Preloading 0 native plugins for Editor in 0.00 ms.
Mono: successfully reloaded assembly
- Completed reload, in  0.493 seconds
Domain Reload Profiling:
	ReloadAssembly (493ms)
		BeginReloadAssembly (55ms)
			ExecutionOrderSort (0ms)
			DisableScriptedObjects (0ms)
			BackupInstance (0ms)
			ReleaseScriptingObjects (0ms)
			CreateAndSetChildDomain (1ms)
		EndReloadAssembly (380ms)
			LoadAssemblies (53ms)
			RebuildTransferFunctionScriptingTraits (0ms)
			SetupTypeCache (114ms)
			ReleaseScriptCaches (0ms)
			RebuildScriptCaches (25ms)
			SetupLoadedEditorAssemblies (149ms)
				LogAssemblyErrors (0ms)
				InitializePlatformSupportModulesInManaged (3ms)
				SetLoadedEditorAssemblies (0ms)
				RefreshPlugins (48ms)
				BeforeProcessingInitializeOnLoad (13ms)
				ProcessInitializeOnLoadAttributes (62ms)
				ProcessInitializeOnLoadMethodAttributes (22ms)
				AfterProcessingInitializeOnLoad (0ms)
				EditorAssembliesLoaded (0ms)
			ExecutionOrderSort2 (0ms)
			AwakeInstancesAfterBackupRestoration (0ms)
Platform modules already initialized, skipping
Registering precompiled user dll's ...
Registered in 0.012736 seconds.
Begin MonoManager ReloadAssembly
Native extension for WindowsStandalone target not found
Refreshing native plugins compatible for Editor in 1.09 ms, found 2 plugins.
Preloading 0 native plugins for Editor in 0.00 ms.
Mono: successfully reloaded assembly
- Completed reload, in  0.856 seconds
Domain Reload Profiling:
	ReloadAssembly (857ms)
		BeginReloadAssembly (120ms)
			ExecutionOrderSort (0ms)
			DisableScriptedObjects (4ms)
			BackupInstance (0ms)
			ReleaseScriptingObjects (0ms)
			CreateAndSetChildDomain (17ms)
		EndReloadAssembly (688ms)
			LoadAssemblies (88ms)
			RebuildTransferFunctionScriptingTraits (0ms)
			SetupTypeCache (225ms)
			ReleaseScriptCaches (0ms)
			RebuildScriptCaches (40ms)
			SetupLoadedEditorAssemblies (276ms)
				LogAssemblyErrors (0ms)
				InitializePlatformSupportModulesInManaged (3ms)
				SetLoadedEditorAssemblies (0ms)
				RefreshPlugins (1ms)
				BeforeProcessingInitializeOnLoad (68ms)
				ProcessInitializeOnLoadAttributes (184ms)
				ProcessInitializeOnLoadMethodAttributes (13ms)
				AfterProcessingInitializeOnLoad (5ms)
				EditorAssembliesLoaded (0ms)
			ExecutionOrderSort2 (0ms)
			AwakeInstancesAfterBackupRestoration (0ms)
Platform modules already initialized, skipping
========================================================================
Worker process is ready to serve import requests
Launched and connected shader compiler UnityShaderCompiler.exe after 0.05 seconds
Refreshing native plugins compatible for Editor in 1.26 ms, found 2 plugins.
Preloading 0 native plugins for Editor in 0.00 ms.
Unloading 1905 Unused Serialized files (Serialized files now loaded: 0)
System memory in use before: 106.0 MB.
System memory in use after: 106.0 MB.

Unloading 112 unused Assets to reduce memory usage. Loaded Objects now: 2298.
Total: 2.562200 ms (FindLiveObjects: 0.144700 ms CreateObjectMapping: 0.050300 ms MarkObjects: 2.248500 ms  DeleteObjects: 0.118100 ms)

AssetImportParameters requested are different than current active one (requested -> active):
  custom:framework-win-MediaFoundation: 216162199b28c13a410421893ffa2e32 -> 
  custom:video-decoder-ogg-theora: a1e56fd34408186e4bbccfd4996cb3dc -> 
  custom:container-muxer-webm: aa71ff27fc2769a1b78a27578f13a17b -> 
  custom:container-demuxer-webm: 4f35f7cbe854078d1ac9338744f61a02 -> 
  custom:container-demuxer-ogg: 62fdf1f143b41e24485cea50d1cbac27 -> 
  custom:video-encoder-webm-vp8: eb34c28f22e8b96e1ab97ce403110664 -> 
  custom:video-decoder-webm-vp8: 9c59270c3fd7afecdb556c50c9e8de78 -> 
  custom:audio-decoder-ogg-vorbis: bf7c407c2cedff20999df2af8eb42d56 -> 
  custom:audio-encoder-webm-vorbis: bf7c407c2cedff20999df2af8eb42d56 -> 
========================================================================
Received Import Request.
  path: Assets/0_traingame/train game/Train Simulator 11.png
  artifactKey: Guid(20d5fe00321bedb43ab369b26fd988ca) Importer(815301076,1909f56bfc062723c751e8b465ee728b)
Start importing Assets/0_traingame/train game/Train Simulator 11.png using Guid(20d5fe00321bedb43ab369b26fd988ca) Importer(815301076,1909f56bfc062723c751e8b465ee728b)  -> (artifact id: '487591ad1650645cc5785120287fd7b1') in 0.524087 seconds 
========================================================================
Received Import Request.
  Time since last request: 4319.655135 seconds.
  path: Assets/0_traingame/train game/Train Simulator title.png
  artifactKey: Guid(44eb72abde11cf84fa9849ad032b913f) Importer(815301076,1909f56bfc062723c751e8b465ee728b)
Start importing Assets/0_traingame/train game/Train Simulator title.png using Guid(44eb72abde11cf84fa9849ad032b913f) Importer(815301076,1909f56bfc062723c751e8b465ee728b)  -> (artifact id: 'd848d9c0d8e93215da81e578d0efcce1') in 0.020549 seconds 
========================================================================
Received Import Request.
  Time since last request: 4.013979 seconds.
  path: Assets/0_traingame/train game/Train Simulator title.png
  artifactKey: Guid(44eb72abde11cf84fa9849ad032b913f) Importer(815301076,1909f56bfc062723c751e8b465ee728b)
Start importing Assets/0_traingame/train game/Train Simulator title.png using Guid(44eb72abde11cf84fa9849ad032b913f) Importer(815301076,1909f56bfc062723c751e8b465ee728b)  -> (artifact id: '77c48503664d432787d9337132fbc5f4') in 0.015704 seconds 
========================================================================
Received Import Request.
  Time since last request: 102.035456 seconds.
  path: Assets/0_traingame/train game/Train Simulator title copy.png
  artifactKey: Guid(4f675f02c3b262e4c8bc7432a5e0f47d) Importer(815301076,1909f56bfc062723c751e8b465ee728b)
Start importing Assets/0_traingame/train game/Train Simulator title copy.png using Guid(4f675f02c3b262e4c8bc7432a5e0f47d) Importer(815301076,1909f56bfc062723c751e8b465ee728b)  -> (artifact id: '5d6d6195a4363d31e4f3fc97c6b3133e') in 0.023145 seconds 
========================================================================
Received Import Request.
  Time since last request: 5.039540 seconds.
  path: Assets/0_traingame/train game/Train Simulator title copy.png
  artifactKey: Guid(4f675f02c3b262e4c8bc7432a5e0f47d) Importer(815301076,1909f56bfc062723c751e8b465ee728b)
Start importing Assets/0_traingame/train game/Train Simulator title copy.png using Guid(4f675f02c3b262e4c8bc7432a5e0f47d) Importer(815301076,1909f56bfc062723c751e8b465ee728b)  -> (artifact id: '6297ec737957aec73eec16c57855b61a') in 0.015979 seconds 
AssetImportWorkerClient::OnTransportError - code=2 error=End of file
